<?xml version="1.0" encoding="UTF-8"?>
<!-- Generated by org.testng.reporters.JUnitReportReporter -->
<testsuite skipped="0" hostname="LAPTOP-MRESAA2R" name="Windows_popups.Import_Export_WindowsPopups" tests="1" failures="0" timestamp="17 Sep 2019 10:40:52 GMT" time="16.489" errors="0">
  <testcase name="Windows_popups" time="16.489" classname="Windows_popups.Import_Export_WindowsPopups"/>
</testsuite> <!-- Windows_popups.Import_Export_WindowsPopups -->
