<?xml version="1.0" encoding="UTF-8"?>
<!-- Generated by org.testng.reporters.JUnitReportReporter -->
<testsuite skipped="0" hostname="LAPTOP-MRESAA2R" name="SwitchTo.Alerts" tests="1" failures="0" timestamp="17 Sep 2019 09:43:13 GMT" time="30.163" errors="0">
  <testcase name="Alerts" time="30.163" classname="SwitchTo.Alerts"/>
</testsuite> <!-- SwitchTo.Alerts -->
