<?xml version="1.0" encoding="UTF-8"?>
<!-- Generated by org.testng.reporters.JUnitReportReporter -->
<testsuite skipped="0" hostname="LAPTOP-MRESAA2R" name="Test.Ads" tests="1" failures="0" timestamp="16 Oct 2019 15:24:19 GMT" time="27.776" errors="0">
  <testcase name="launchbrowser" time="27.776" classname="Test.Ads"/>
</testsuite> <!-- Test.Ads -->
