<?xml version="1.0" encoding="UTF-8"?>
<!-- Generated by org.testng.reporters.JUnitReportReporter -->
<testsuite skipped="0" hostname="LAPTOP-MRESAA2R" name="SwitchTo.Windows" tests="1" failures="0" timestamp="17 Sep 2019 09:57:40 GMT" time="30.576" errors="0">
  <testcase name="windows_handling" time="30.576" classname="SwitchTo.Windows"/>
</testsuite> <!-- SwitchTo.Windows -->
