<?xml version="1.0" encoding="UTF-8"?>
<!-- Generated by org.testng.reporters.JUnitReportReporter -->
<testsuite skipped="0" hostname="LAPTOP-MRESAA2R" name="Test.WebTable" tests="1" failures="0" timestamp="16 Oct 2019 15:32:33 GMT" time="13.929" errors="0">
  <testcase name="webtables" time="13.929" classname="Test.WebTable"/>
</testsuite> <!-- Test.WebTable -->
